2022.05.05 14:06:00 INFO  tracing is disabled for protocol LSP, to enable tracing of incoming and outgoing JSON messages create an empty file at c:\Users\Admin\Desktop\Programowanie\ScalaUniversity\lab4\.metals\lsp.trace.json or C:\Users\Admin\AppData\Local\scalameta\metals\cache\lsp.trace.json[0m
2022.05.05 14:06:04 INFO  logging to file C:\Users\Admin\Desktop\Programowanie\ScalaUniversity\lab4\.metals\metals.log[0m
2022.05.05 14:06:04 INFO  Started: Metals version 0.11.5 in workspace 'C:\Users\Admin\Desktop\Programowanie\ScalaUniversity\lab4' for client Visual Studio Code 1.66.2.[0m
2022.05.05 14:06:04 WARN  Can't instantiate JavaInteractiveSemanticdb (version: Some(JdkVersion(8)), jdkHome: C:\Program Files\Java\jre1.8.0_321, javac exists: false)[0m
2022.05.05 14:06:06 INFO  time: initialize in 2.35s[0m
2022.05.05 14:06:06 WARN  Flyway upgrade recommended: H2 2.1.212 is newer than this version of Flyway and support has not been tested. The latest supported version of H2 is 2.1.210.[0m
2022.05.05 14:06:07 WARN  Build server is not auto-connectable.[0m
2022.05.05 14:06:09 WARN  no build target for: C:\Users\Admin\Desktop\Programowanie\ScalaUniversity\lab4\src\main\scala\Main.scala[0m
2022.05.05 14:06:18 INFO  no build target found for C:\Users\Admin\Desktop\Programowanie\ScalaUniversity\lab4\src\main\scala\Main.scala. Using presentation compiler with project's scala-library version: 3.1.2[0m
2022.05.05 14:06:27 INFO  time: code lens generation in 17s[0m
2022.05.05 14:07:22 WARN  no build target for: C:\Users\Admin\Desktop\Programowanie\ScalaUniversity\lab4\src\main\scala\Main.scala[0m
2022.05.05 14:07:26 WARN  no build target for: C:\Users\Admin\Desktop\Programowanie\ScalaUniversity\lab4\src\main\scala\Main.scala[0m
2022.05.05 14:07:31 WARN  no build target for: C:\Users\Admin\Desktop\Programowanie\ScalaUniversity\lab4\src\main\scala\Main.scala[0m
2022.05.05 14:07:36 WARN  no build target for: C:\Users\Admin\Desktop\Programowanie\ScalaUniversity\lab4\src\main\scala\Main.scala[0m
2022.05.05 14:07:38 WARN  no build target for: C:\Users\Admin\Desktop\Programowanie\ScalaUniversity\lab4\src\main\scala\Main.scala[0m
2022.05.05 14:10:55 WARN  no build target for: C:\Users\Admin\Desktop\Programowanie\ScalaUniversity\lab4\src\main\scala\Main.scala[0m
2022.05.05 14:11:03 WARN  no build target for: C:\Users\Admin\Desktop\Programowanie\ScalaUniversity\lab4\src\main\scala\Main.scala[0m
2022.05.05 14:11:08 WARN  no build target for: C:\Users\Admin\Desktop\Programowanie\ScalaUniversity\lab4\src\main\scala\Main.scala[0m
2022.05.05 14:11:13 WARN  no build target for: C:\Users\Admin\Desktop\Programowanie\ScalaUniversity\lab4\src\main\scala\Main.scala[0m
2022.05.05 14:11:15 WARN  no build target for: C:\Users\Admin\Desktop\Programowanie\ScalaUniversity\lab4\src\main\scala\Main.scala[0m
2022.05.05 14:11:21 WARN  no build target for: C:\Users\Admin\Desktop\Programowanie\ScalaUniversity\lab4\src\main\scala\Main.scala[0m
2022.05.05 14:11:50 WARN  no build target for: C:\Users\Admin\Desktop\Programowanie\ScalaUniversity\lab4\src\main\scala\Main.scala[0m
2022.05.05 14:11:57 WARN  no build target for: C:\Users\Admin\Desktop\Programowanie\ScalaUniversity\lab4\src\main\scala\Main.scala[0m
2022.05.05 14:12:16 WARN  no build target for: C:\Users\Admin\Desktop\Programowanie\ScalaUniversity\lab4\src\main\scala\Main.scala[0m
2022.05.05 14:12:37 WARN  no build target for: C:\Users\Admin\Desktop\Programowanie\ScalaUniversity\lab4\src\main\scala\Main.scala[0m
2022.05.05 14:12:39 WARN  no build target for: C:\Users\Admin\Desktop\Programowanie\ScalaUniversity\lab4\src\main\scala\Main.scala[0m
2022.05.05 14:12:41 WARN  no build target for: C:\Users\Admin\Desktop\Programowanie\ScalaUniversity\lab4\src\main\scala\Main.scala[0m
2022.05.05 14:12:43 WARN  no build target for: C:\Users\Admin\Desktop\Programowanie\ScalaUniversity\lab4\src\main\scala\Main.scala[0m
2022.05.05 14:12:45 WARN  no build target for: C:\Users\Admin\Desktop\Programowanie\ScalaUniversity\lab4\src\main\scala\Main.scala[0m
2022.05.05 14:12:47 WARN  no build target for: C:\Users\Admin\Desktop\Programowanie\ScalaUniversity\lab4\src\main\scala\Main.scala[0m
2022.05.05 14:12:54 WARN  no build target for: C:\Users\Admin\Desktop\Programowanie\ScalaUniversity\lab4\src\main\scala\Main.scala[0m
2022.05.05 14:13:01 WARN  no build target for: C:\Users\Admin\Desktop\Programowanie\ScalaUniversity\lab4\src\main\scala\Main.scala[0m
2022.05.05 14:13:10 WARN  no build target for: C:\Users\Admin\Desktop\Programowanie\ScalaUniversity\lab4\src\main\scala\Main.scala[0m
2022.05.05 14:13:18 WARN  no build target for: C:\Users\Admin\Desktop\Programowanie\ScalaUniversity\lab4\src\main\scala\Main.scala[0m
2022.05.05 14:13:22 WARN  no build target for: C:\Users\Admin\Desktop\Programowanie\ScalaUniversity\lab4\src\main\scala\Main.scala[0m
2022.05.05 14:13:32 WARN  no build target for: C:\Users\Admin\Desktop\Programowanie\ScalaUniversity\lab4\src\main\scala\Main.scala[0m
2022.05.05 14:13:36 WARN  no build target for: C:\Users\Admin\Desktop\Programowanie\ScalaUniversity\lab4\src\main\scala\Main.scala[0m
2022.05.05 14:13:37 WARN  no build target for: C:\Users\Admin\Desktop\Programowanie\ScalaUniversity\lab4\src\main\scala\Main.scala[0m
2022.05.05 14:13:52 WARN  no build target for: C:\Users\Admin\Desktop\Programowanie\ScalaUniversity\lab4\src\main\scala\Main.scala[0m
2022.05.05 14:13:59 WARN  no build target for: C:\Users\Admin\Desktop\Programowanie\ScalaUniversity\lab4\src\main\scala\Main.scala[0m
2022.05.05 14:14:00 WARN  no build target for: C:\Users\Admin\Desktop\Programowanie\ScalaUniversity\lab4\src\main\scala\Main.scala[0m
2022.05.05 14:14:06 WARN  no build target for: C:\Users\Admin\Desktop\Programowanie\ScalaUniversity\lab4\src\main\scala\Main.scala[0m
2022.05.05 14:14:12 WARN  no build target for: C:\Users\Admin\Desktop\Programowanie\ScalaUniversity\lab4\src\main\scala\Main.scala[0m
2022.05.05 14:14:16 WARN  no build target for: C:\Users\Admin\Desktop\Programowanie\ScalaUniversity\lab4\src\main\scala\Main.scala[0m
2022.05.05 14:14:17 WARN  no build target for: C:\Users\Admin\Desktop\Programowanie\ScalaUniversity\lab4\src\main\scala\Main.scala[0m
2022.05.05 14:14:34 WARN  no build target for: C:\Users\Admin\Desktop\Programowanie\ScalaUniversity\lab4\src\main\scala\Main.scala[0m
2022.05.05 14:14:38 WARN  no build target for: C:\Users\Admin\Desktop\Programowanie\ScalaUniversity\lab4\src\main\scala\Main.scala[0m
2022.05.05 14:14:49 WARN  no build target for: C:\Users\Admin\Desktop\Programowanie\ScalaUniversity\lab4\src\main\scala\Main.scala[0m
2022.05.05 14:14:59 WARN  no build target for: C:\Users\Admin\Desktop\Programowanie\ScalaUniversity\lab4\src\main\scala\Main.scala[0m
2022.05.05 14:15:03 WARN  no build target for: C:\Users\Admin\Desktop\Programowanie\ScalaUniversity\lab4\src\main\scala\Main.scala[0m
2022.05.05 14:15:06 WARN  no build target for: C:\Users\Admin\Desktop\Programowanie\ScalaUniversity\lab4\src\main\scala\Main.scala[0m
2022.05.05 14:15:06 WARN  no build target for: C:\Users\Admin\Desktop\Programowanie\ScalaUniversity\lab4\src\main\scala\Main.scala[0m
2022.05.05 14:16:04 WARN  no build target for: C:\Users\Admin\Desktop\Programowanie\ScalaUniversity\lab4\src\main\scala\Main.scala[0m
2022.05.05 14:16:20 WARN  no build target for: C:\Users\Admin\Desktop\Programowanie\ScalaUniversity\lab4\src\main\scala\Main.scala[0m
2022.05.05 14:16:22 WARN  no build target for: C:\Users\Admin\Desktop\Programowanie\ScalaUniversity\lab4\src\main\scala\Main.scala[0m
2022.05.05 14:16:47 WARN  no build target for: C:\Users\Admin\Desktop\Programowanie\ScalaUniversity\lab4\src\main\scala\Main.scala[0m
2022.05.05 14:16:50 WARN  no build target for: C:\Users\Admin\Desktop\Programowanie\ScalaUniversity\lab4\src\main\scala\Main.scala[0m
2022.05.05 14:16:55 WARN  no build target for: C:\Users\Admin\Desktop\Programowanie\ScalaUniversity\lab4\src\main\scala\Main.scala[0m
2022.05.05 14:16:57 WARN  no build target for: C:\Users\Admin\Desktop\Programowanie\ScalaUniversity\lab4\src\main\scala\Main.scala[0m
2022.05.05 14:16:59 WARN  no build target for: C:\Users\Admin\Desktop\Programowanie\ScalaUniversity\lab4\src\main\scala\Main.scala[0m
2022.05.05 14:17:04 WARN  no build target for: C:\Users\Admin\Desktop\Programowanie\ScalaUniversity\lab4\src\main\scala\Main.scala[0m
2022.05.05 14:17:05 WARN  no build target for: C:\Users\Admin\Desktop\Programowanie\ScalaUniversity\lab4\src\main\scala\Main.scala[0m
2022.05.05 14:17:12 WARN  no build target for: C:\Users\Admin\Desktop\Programowanie\ScalaUniversity\lab4\src\main\scala\Main.scala[0m
2022.05.05 14:17:13 WARN  no build target for: C:\Users\Admin\Desktop\Programowanie\ScalaUniversity\lab4\src\main\scala\Main.scala[0m
2022.05.05 14:17:15 WARN  no build target for: C:\Users\Admin\Desktop\Programowanie\ScalaUniversity\lab4\src\main\scala\Main.scala[0m
2022.05.05 14:17:29 WARN  no build target for: C:\Users\Admin\Desktop\Programowanie\ScalaUniversity\lab4\src\main\scala\Main.scala[0m
2022.05.05 14:17:32 WARN  no build target for: C:\Users\Admin\Desktop\Programowanie\ScalaUniversity\lab4\src\main\scala\Main.scala[0m
2022.05.05 14:17:36 WARN  no build target for: C:\Users\Admin\Desktop\Programowanie\ScalaUniversity\lab4\src\main\scala\Main.scala[0m
2022.05.05 14:17:40 WARN  no build target for: C:\Users\Admin\Desktop\Programowanie\ScalaUniversity\lab4\src\main\scala\Main.scala[0m
2022.05.05 14:17:41 WARN  no build target for: C:\Users\Admin\Desktop\Programowanie\ScalaUniversity\lab4\src\main\scala\Main.scala[0m
2022.05.05 14:17:42 WARN  no build target for: C:\Users\Admin\Desktop\Programowanie\ScalaUniversity\lab4\src\main\scala\Main.scala[0m
2022.05.05 14:17:55 WARN  no build target for: C:\Users\Admin\Desktop\Programowanie\ScalaUniversity\lab4\src\main\scala\Main.scala[0m
2022.05.05 14:18:02 WARN  no build target for: C:\Users\Admin\Desktop\Programowanie\ScalaUniversity\lab4\src\main\scala\Main.scala[0m
2022.05.05 14:18:18 WARN  no build target for: C:\Users\Admin\Desktop\Programowanie\ScalaUniversity\lab4\src\main\scala\Main.scala[0m
2022.05.05 14:18:29 WARN  no build target for: C:\Users\Admin\Desktop\Programowanie\ScalaUniversity\lab4\src\main\scala\Main.scala[0m
2022.05.05 14:18:30 WARN  no build target for: C:\Users\Admin\Desktop\Programowanie\ScalaUniversity\lab4\src\main\scala\Main.scala[0m
2022.05.05 14:18:41 WARN  no build target for: C:\Users\Admin\Desktop\Programowanie\ScalaUniversity\lab4\src\main\scala\Main.scala[0m
2022.05.05 14:19:13 WARN  no build target for: C:\Users\Admin\Desktop\Programowanie\ScalaUniversity\lab4\src\main\scala\Main.scala[0m
2022.05.05 14:19:14 WARN  no build target for: C:\Users\Admin\Desktop\Programowanie\ScalaUniversity\lab4\src\main\scala\Main.scala[0m
2022.05.05 14:19:33 WARN  no build target for: C:\Users\Admin\Desktop\Programowanie\ScalaUniversity\lab4\src\main\scala\Main.scala[0m
2022.05.05 14:19:36 WARN  no build target for: C:\Users\Admin\Desktop\Programowanie\ScalaUniversity\lab4\src\main\scala\Main.scala[0m
2022.05.05 14:20:12 WARN  no build target for: C:\Users\Admin\Desktop\Programowanie\ScalaUniversity\lab4\src\main\scala\Main.scala[0m
2022.05.05 14:20:15 WARN  no build target for: C:\Users\Admin\Desktop\Programowanie\ScalaUniversity\lab4\src\main\scala\Main.scala[0m
2022.05.05 14:20:17 WARN  no build target for: C:\Users\Admin\Desktop\Programowanie\ScalaUniversity\lab4\src\main\scala\Main.scala[0m
2022.05.05 14:20:22 WARN  no build target for: C:\Users\Admin\Desktop\Programowanie\ScalaUniversity\lab4\src\main\scala\Main.scala[0m
2022.05.05 14:20:33 WARN  no build target for: C:\Users\Admin\Desktop\Programowanie\ScalaUniversity\lab4\src\main\scala\Main.scala[0m
2022.05.05 14:20:34 WARN  no build target for: C:\Users\Admin\Desktop\Programowanie\ScalaUniversity\lab4\src\main\scala\Main.scala[0m
2022.05.05 14:20:44 WARN  no build target for: C:\Users\Admin\Desktop\Programowanie\ScalaUniversity\lab4\src\main\scala\Main.scala[0m
2022.05.05 14:20:55 WARN  no build target for: C:\Users\Admin\Desktop\Programowanie\ScalaUniversity\lab4\src\main\scala\Main.scala[0m
2022.05.05 14:21:00 WARN  no build target for: C:\Users\Admin\Desktop\Programowanie\ScalaUniversity\lab4\src\main\scala\Main.scala[0m
2022.05.05 14:21:01 WARN  no build target for: C:\Users\Admin\Desktop\Programowanie\ScalaUniversity\lab4\src\main\scala\Main.scala[0m
maj 05, 2022 2:21:45 PM org.eclipse.lsp4j.jsonrpc.RemoteEndpoint handleCancellation
WARNING: Unmatched cancel notification for request id 1162
2022.05.05 14:22:19 WARN  no build target for: C:\Users\Admin\Desktop\Programowanie\ScalaUniversity\lab4\src\main\scala\Main.scala[0m
2022.05.05 14:22:22 WARN  no build target for: C:\Users\Admin\Desktop\Programowanie\ScalaUniversity\lab4\src\main\scala\Main.scala[0m
2022.05.05 14:22:37 WARN  no build target for: C:\Users\Admin\Desktop\Programowanie\ScalaUniversity\lab4\src\main\scala\Main.scala[0m
2022.05.05 14:22:52 WARN  no build target for: C:\Users\Admin\Desktop\Programowanie\ScalaUniversity\lab4\src\main\scala\Main.scala[0m
2022.05.05 14:23:02 WARN  no build target for: C:\Users\Admin\Desktop\Programowanie\ScalaUniversity\lab4\src\main\scala\Main.scala[0m
2022.05.05 14:23:44 WARN  no build target for: C:\Users\Admin\Desktop\Programowanie\ScalaUniversity\lab4\src\main\scala\Main.scala[0m
2022.05.05 14:23:54 WARN  no build target for: C:\Users\Admin\Desktop\Programowanie\ScalaUniversity\lab4\src\main\scala\Main.scala[0m
2022.05.05 14:24:04 WARN  no build target for: C:\Users\Admin\Desktop\Programowanie\ScalaUniversity\lab4\src\main\scala\Main.scala[0m
2022.05.05 14:24:06 WARN  no build target for: C:\Users\Admin\Desktop\Programowanie\ScalaUniversity\lab4\src\main\scala\Main.scala[0m
2022.05.05 14:24:07 WARN  no build target for: C:\Users\Admin\Desktop\Programowanie\ScalaUniversity\lab4\src\main\scala\Main.scala[0m
2022.05.05 14:24:17 WARN  no build target for: C:\Users\Admin\Desktop\Programowanie\ScalaUniversity\lab4\src\main\scala\Main.scala[0m
2022.05.05 14:24:20 WARN  no build target for: C:\Users\Admin\Desktop\Programowanie\ScalaUniversity\lab4\src\main\scala\Main.scala[0m
2022.05.05 14:24:22 WARN  no build target for: C:\Users\Admin\Desktop\Programowanie\ScalaUniversity\lab4\src\main\scala\Main.scala[0m
2022.05.05 14:24:35 WARN  no build target for: C:\Users\Admin\Desktop\Programowanie\ScalaUniversity\lab4\src\main\scala\Main.scala[0m
2022.05.05 14:24:38 WARN  no build target for: C:\Users\Admin\Desktop\Programowanie\ScalaUniversity\lab4\src\main\scala\Main.scala[0m
2022.05.05 14:24:40 WARN  no build target for: C:\Users\Admin\Desktop\Programowanie\ScalaUniversity\lab4\src\main\scala\Main.scala[0m
2022.05.05 14:24:42 WARN  no build target for: C:\Users\Admin\Desktop\Programowanie\ScalaUniversity\lab4\src\main\scala\Main.scala[0m
2022.05.05 14:25:14 WARN  no build target for: C:\Users\Admin\Desktop\Programowanie\ScalaUniversity\lab4\src\main\scala\Main.scala[0m
2022.05.05 14:25:17 WARN  no build target for: C:\Users\Admin\Desktop\Programowanie\ScalaUniversity\lab4\src\main\scala\Main.scala[0m
2022.05.05 14:25:28 WARN  no build target for: C:\Users\Admin\Desktop\Programowanie\ScalaUniversity\lab4\src\main\scala\Main.scala[0m
2022.05.05 14:25:28 WARN  no build target for: C:\Users\Admin\Desktop\Programowanie\ScalaUniversity\lab4\src\main\scala\Main.scala[0m
2022.05.05 14:25:40 WARN  no build target for: C:\Users\Admin\Desktop\Programowanie\ScalaUniversity\lab4\src\main\scala\Main.scala[0m
2022.05.05 14:25:41 WARN  no build target for: C:\Users\Admin\Desktop\Programowanie\ScalaUniversity\lab4\src\main\scala\Main.scala[0m
2022.05.05 14:26:16 WARN  no build target for: C:\Users\Admin\Desktop\Programowanie\ScalaUniversity\lab4\src\main\scala\Main.scala[0m
maj 05, 2022 2:26:23 PM org.eclipse.lsp4j.jsonrpc.RemoteEndpoint handleCancellation
WARNING: Unmatched cancel notification for request id 1508
2022.05.05 14:26:32 WARN  no build target for: C:\Users\Admin\Desktop\Programowanie\ScalaUniversity\lab4\src\main\scala\Main.scala[0m
2022.05.05 14:26:43 WARN  no build target for: C:\Users\Admin\Desktop\Programowanie\ScalaUniversity\lab4\src\main\scala\Main.scala[0m
2022.05.05 14:26:47 WARN  no build target for: C:\Users\Admin\Desktop\Programowanie\ScalaUniversity\lab4\src\main\scala\Main.scala[0m
2022.05.05 14:26:55 WARN  no build target for: C:\Users\Admin\Desktop\Programowanie\ScalaUniversity\lab4\src\main\scala\Main.scala[0m
2022.05.05 14:27:00 WARN  no build target for: C:\Users\Admin\Desktop\Programowanie\ScalaUniversity\lab4\src\main\scala\Main.scala[0m
2022.05.05 14:27:02 WARN  no build target for: C:\Users\Admin\Desktop\Programowanie\ScalaUniversity\lab4\src\main\scala\Main.scala[0m
2022.05.05 14:27:09 WARN  no build target for: C:\Users\Admin\Desktop\Programowanie\ScalaUniversity\lab4\src\main\scala\Main.scala[0m
2022.05.05 14:27:11 WARN  no build target for: C:\Users\Admin\Desktop\Programowanie\ScalaUniversity\lab4\src\main\scala\Main.scala[0m
2022.05.05 14:27:13 WARN  no build target for: C:\Users\Admin\Desktop\Programowanie\ScalaUniversity\lab4\src\main\scala\Main.scala[0m
2022.05.05 14:28:01 WARN  no build target for: C:\Users\Admin\Desktop\Programowanie\ScalaUniversity\lab4\src\main\scala\Main.scala[0m
2022.05.05 14:28:14 WARN  no build target for: C:\Users\Admin\Desktop\Programowanie\ScalaUniversity\lab4\src\main\scala\Main.scala[0m
2022.05.05 14:28:18 WARN  no build target for: C:\Users\Admin\Desktop\Programowanie\ScalaUniversity\lab4\src\main\scala\Main.scala[0m
2022.05.05 14:28:36 WARN  no build target for: C:\Users\Admin\Desktop\Programowanie\ScalaUniversity\lab4\src\main\scala\Main.scala[0m
2022.05.05 14:28:38 WARN  no build target for: C:\Users\Admin\Desktop\Programowanie\ScalaUniversity\lab4\src\main\scala\Main.scala[0m
2022.05.05 14:28:53 WARN  no build target for: C:\Users\Admin\Desktop\Programowanie\ScalaUniversity\lab4\src\main\scala\Main.scala[0m
2022.05.05 14:28:56 WARN  no build target for: C:\Users\Admin\Desktop\Programowanie\ScalaUniversity\lab4\src\main\scala\Main.scala[0m
2022.05.05 14:29:05 WARN  no build target for: C:\Users\Admin\Desktop\Programowanie\ScalaUniversity\lab4\src\main\scala\Main.scala[0m
2022.05.05 14:29:09 WARN  no build target for: C:\Users\Admin\Desktop\Programowanie\ScalaUniversity\lab4\src\main\scala\Main.scala[0m
2022.05.05 14:29:14 WARN  no build target for: C:\Users\Admin\Desktop\Programowanie\ScalaUniversity\lab4\src\main\scala\Main.scala[0m
2022.05.05 14:29:20 WARN  no build target for: C:\Users\Admin\Desktop\Programowanie\ScalaUniversity\lab4\src\main\scala\Main.scala[0m
2022.05.05 14:29:23 WARN  no build target for: C:\Users\Admin\Desktop\Programowanie\ScalaUniversity\lab4\src\main\scala\Main.scala[0m
2022.05.05 14:29:26 WARN  no build target for: C:\Users\Admin\Desktop\Programowanie\ScalaUniversity\lab4\src\main\scala\Main.scala[0m
2022.05.05 14:29:58 WARN  no build target for: C:\Users\Admin\Desktop\Programowanie\ScalaUniversity\lab4\src\main\scala\Main.scala[0m
2022.05.05 14:29:59 INFO  time: code lens generation in 1.45s[0m
2022.05.05 14:29:59 INFO  time: code lens generation in 1.03s[0m
2022.05.05 14:30:01 WARN  no build target for: C:\Users\Admin\Desktop\Programowanie\ScalaUniversity\lab4\src\main\scala\Main.scala[0m
2022.05.05 14:30:03 WARN  no build target for: C:\Users\Admin\Desktop\Programowanie\ScalaUniversity\lab4\src\main\scala\Main.scala[0m
2022.05.05 14:30:51 WARN  no build target for: C:\Users\Admin\Desktop\Programowanie\ScalaUniversity\lab4\src\main\scala\Main.scala[0m
2022.05.05 14:30:52 WARN  no build target for: C:\Users\Admin\Desktop\Programowanie\ScalaUniversity\lab4\src\main\scala\Main.scala[0m
2022.05.05 14:31:02 WARN  no build target for: C:\Users\Admin\Desktop\Programowanie\ScalaUniversity\lab4\src\main\scala\Main.scala[0m
2022.05.05 14:31:03 WARN  no build target for: C:\Users\Admin\Desktop\Programowanie\ScalaUniversity\lab4\src\main\scala\Main.scala[0m
2022.05.05 14:31:04 WARN  no build target for: C:\Users\Admin\Desktop\Programowanie\ScalaUniversity\lab4\src\main\scala\Main.scala[0m
2022.05.05 14:32:56 WARN  no build target for: C:\Users\Admin\Desktop\Programowanie\ScalaUniversity\lab4\src\main\scala\Main.scala[0m
2022.05.05 14:33:39 WARN  no build target for: C:\Users\Admin\Desktop\Programowanie\ScalaUniversity\lab4\src\main\scala\Main.scala[0m
2022.05.05 14:34:11 WARN  no build target for: C:\Users\Admin\Desktop\Programowanie\ScalaUniversity\lab4\src\main\scala\Main.scala[0m
2022.05.05 14:34:18 WARN  no build target for: C:\Users\Admin\Desktop\Programowanie\ScalaUniversity\lab4\src\main\scala\Main.scala[0m
2022.05.05 14:34:21 WARN  no build target for: C:\Users\Admin\Desktop\Programowanie\ScalaUniversity\lab4\src\main\scala\Main.scala[0m
2022.05.05 14:34:22 WARN  no build target for: C:\Users\Admin\Desktop\Programowanie\ScalaUniversity\lab4\src\main\scala\Main.scala[0m
2022.05.05 14:34:34 WARN  no build target for: C:\Users\Admin\Desktop\Programowanie\ScalaUniversity\lab4\src\main\scala\Main.scala[0m
2022.05.05 14:34:35 WARN  no build target for: C:\Users\Admin\Desktop\Programowanie\ScalaUniversity\lab4\src\main\scala\Main.scala[0m
2022.05.05 14:34:55 WARN  no build target for: C:\Users\Admin\Desktop\Programowanie\ScalaUniversity\lab4\src\main\scala\Main.scala[0m
2022.05.05 14:35:04 WARN  no build target for: C:\Users\Admin\Desktop\Programowanie\ScalaUniversity\lab4\src\main\scala\Main.scala[0m
2022.05.05 14:35:05 WARN  no build target for: C:\Users\Admin\Desktop\Programowanie\ScalaUniversity\lab4\src\main\scala\Main.scala[0m
2022.05.05 14:35:34 WARN  no build target for: C:\Users\Admin\Desktop\Programowanie\ScalaUniversity\lab4\src\main\scala\Main.scala[0m
2022.05.05 14:35:36 WARN  no build target for: C:\Users\Admin\Desktop\Programowanie\ScalaUniversity\lab4\src\main\scala\Main.scala[0m
2022.05.05 14:35:44 WARN  no build target for: C:\Users\Admin\Desktop\Programowanie\ScalaUniversity\lab4\src\main\scala\Main.scala[0m
2022.05.05 14:35:48 WARN  no build target for: C:\Users\Admin\Desktop\Programowanie\ScalaUniversity\lab4\src\main\scala\Main.scala[0m
2022.05.05 14:35:51 WARN  no build target for: C:\Users\Admin\Desktop\Programowanie\ScalaUniversity\lab4\src\main\scala\Main.scala[0m
2022.05.05 14:35:52 WARN  no build target for: C:\Users\Admin\Desktop\Programowanie\ScalaUniversity\lab4\src\main\scala\Main.scala[0m
2022.05.05 14:36:00 WARN  no build target for: C:\Users\Admin\Desktop\Programowanie\ScalaUniversity\lab4\src\main\scala\Main.scala[0m
2022.05.05 14:36:21 WARN  no build target for: C:\Users\Admin\Desktop\Programowanie\ScalaUniversity\lab4\src\main\scala\Main.scala[0m
2022.05.05 14:36:35 WARN  no build target for: C:\Users\Admin\Desktop\Programowanie\ScalaUniversity\lab4\src\main\scala\Main.scala[0m
2022.05.05 14:36:41 WARN  no build target for: C:\Users\Admin\Desktop\Programowanie\ScalaUniversity\lab4\src\main\scala\Main.scala[0m
2022.05.05 14:36:50 WARN  no build target for: C:\Users\Admin\Desktop\Programowanie\ScalaUniversity\lab4\src\main\scala\Main.scala[0m
2022.05.05 14:36:53 WARN  no build target for: C:\Users\Admin\Desktop\Programowanie\ScalaUniversity\lab4\src\main\scala\Main.scala[0m
2022.05.05 14:36:54 WARN  no build target for: C:\Users\Admin\Desktop\Programowanie\ScalaUniversity\lab4\src\main\scala\Main.scala[0m
2022.05.05 14:37:08 WARN  no build target for: C:\Users\Admin\Desktop\Programowanie\ScalaUniversity\lab4\src\main\scala\Main.scala[0m
2022.05.05 14:37:16 WARN  no build target for: C:\Users\Admin\Desktop\Programowanie\ScalaUniversity\lab4\src\main\scala\Main.scala[0m
2022.05.05 14:37:19 WARN  no build target for: C:\Users\Admin\Desktop\Programowanie\ScalaUniversity\lab4\src\main\scala\Main.scala[0m
2022.05.05 14:37:27 WARN  no build target for: C:\Users\Admin\Desktop\Programowanie\ScalaUniversity\lab4\src\main\scala\Main.scala[0m
2022.05.05 14:37:31 WARN  no build target for: C:\Users\Admin\Desktop\Programowanie\ScalaUniversity\lab4\src\main\scala\Main.scala[0m
2022.05.05 14:37:36 WARN  no build target for: C:\Users\Admin\Desktop\Programowanie\ScalaUniversity\lab4\src\main\scala\Main.scala[0m
2022.05.05 14:37:37 WARN  no build target for: C:\Users\Admin\Desktop\Programowanie\ScalaUniversity\lab4\src\main\scala\Main.scala[0m
2022.05.05 14:37:53 WARN  no build target for: C:\Users\Admin\Desktop\Programowanie\ScalaUniversity\lab4\src\main\scala\Main.scala[0m
2022.05.05 14:38:02 WARN  no build target for: C:\Users\Admin\Desktop\Programowanie\ScalaUniversity\lab4\src\main\scala\Main.scala[0m
2022.05.05 14:38:04 WARN  no build target for: C:\Users\Admin\Desktop\Programowanie\ScalaUniversity\lab4\src\main\scala\Main.scala[0m
2022.05.05 14:38:06 WARN  no build target for: C:\Users\Admin\Desktop\Programowanie\ScalaUniversity\lab4\src\main\scala\Main.scala[0m
2022.05.05 14:38:07 WARN  no build target for: C:\Users\Admin\Desktop\Programowanie\ScalaUniversity\lab4\src\main\scala\Main.scala[0m
2022.05.05 14:38:13 WARN  no build target for: C:\Users\Admin\Desktop\Programowanie\ScalaUniversity\lab4\src\main\scala\Main.scala[0m
2022.05.05 14:38:28 WARN  no build target for: C:\Users\Admin\Desktop\Programowanie\ScalaUniversity\lab4\src\main\scala\Main.scala[0m
2022.05.05 14:38:34 WARN  no build target for: C:\Users\Admin\Desktop\Programowanie\ScalaUniversity\lab4\src\main\scala\Main.scala[0m
2022.05.05 14:38:51 WARN  no build target for: C:\Users\Admin\Desktop\Programowanie\ScalaUniversity\lab4\src\main\scala\Main.scala[0m
2022.05.05 14:39:20 WARN  no build target for: C:\Users\Admin\Desktop\Programowanie\ScalaUniversity\lab4\src\main\scala\Main.scala[0m
2022.05.05 14:39:24 WARN  no build target for: C:\Users\Admin\Desktop\Programowanie\ScalaUniversity\lab4\src\main\scala\Main.scala[0m
2022.05.05 14:39:28 WARN  no build target for: C:\Users\Admin\Desktop\Programowanie\ScalaUniversity\lab4\src\main\scala\Main.scala[0m
2022.05.05 14:39:29 WARN  no build target for: C:\Users\Admin\Desktop\Programowanie\ScalaUniversity\lab4\src\main\scala\Main.scala[0m
2022.05.05 14:39:40 WARN  no build target for: C:\Users\Admin\Desktop\Programowanie\ScalaUniversity\lab4\src\main\scala\Main.scala[0m
2022.05.05 14:39:42 WARN  no build target for: C:\Users\Admin\Desktop\Programowanie\ScalaUniversity\lab4\src\main\scala\Main.scala[0m
2022.05.05 14:40:18 WARN  no build target for: C:\Users\Admin\Desktop\Programowanie\ScalaUniversity\lab4\src\main\scala\Main.scala[0m
2022.05.05 14:40:21 WARN  no build target for: C:\Users\Admin\Desktop\Programowanie\ScalaUniversity\lab4\src\main\scala\Main.scala[0m
2022.05.05 14:40:26 WARN  no build target for: C:\Users\Admin\Desktop\Programowanie\ScalaUniversity\lab4\src\main\scala\Main.scala[0m
2022.05.05 14:40:28 WARN  no build target for: C:\Users\Admin\Desktop\Programowanie\ScalaUniversity\lab4\src\main\scala\Main.scala[0m
2022.05.05 14:40:33 WARN  no build target for: C:\Users\Admin\Desktop\Programowanie\ScalaUniversity\lab4\src\main\scala\Main.scala[0m
2022.05.05 14:40:34 WARN  no build target for: C:\Users\Admin\Desktop\Programowanie\ScalaUniversity\lab4\src\main\scala\Main.scala[0m
maj 05, 2022 2:40:35 PM org.eclipse.lsp4j.jsonrpc.RemoteEndpoint fallbackResponseError
SEVERE: Internal error: java.lang.reflect.InvocationTargetException
java.lang.RuntimeException: java.lang.reflect.InvocationTargetException
	at org.eclipse.lsp4j.jsonrpc.services.GenericEndpoint.lambda$null$0(GenericEndpoint.java:67)
	at org.eclipse.lsp4j.jsonrpc.services.GenericEndpoint.request(GenericEndpoint.java:120)
	at org.eclipse.lsp4j.jsonrpc.RemoteEndpoint.handleRequest(RemoteEndpoint.java:261)
	at org.eclipse.lsp4j.jsonrpc.RemoteEndpoint.consume(RemoteEndpoint.java:190)
	at org.eclipse.lsp4j.jsonrpc.json.StreamMessageProducer.handleMessage(StreamMessageProducer.java:194)
	at org.eclipse.lsp4j.jsonrpc.json.StreamMessageProducer.listen(StreamMessageProducer.java:94)
	at org.eclipse.lsp4j.jsonrpc.json.ConcurrentMessageProcessor.run(ConcurrentMessageProcessor.java:113)
	at java.util.concurrent.Executors$RunnableAdapter.call(Unknown Source)
	at java.util.concurrent.FutureTask.run(Unknown Source)
	at java.util.concurrent.ThreadPoolExecutor.runWorker(Unknown Source)
	at java.util.concurrent.ThreadPoolExecutor$Worker.run(Unknown Source)
	at java.lang.Thread.run(Unknown Source)
Caused by: java.lang.reflect.InvocationTargetException
	at sun.reflect.GeneratedMethodAccessor1.invoke(Unknown Source)
	at sun.reflect.DelegatingMethodAccessorImpl.invoke(Unknown Source)
	at java.lang.reflect.Method.invoke(Unknown Source)
	at org.eclipse.lsp4j.jsonrpc.services.GenericEndpoint.lambda$null$0(GenericEndpoint.java:65)
	... 11 more
Caused by: java.lang.IllegalArgumentException: 9 is not a valid line number, allowed [0..8]
	at scala.meta.internal.inputs.InternalInput.lineToOffset(InternalInput.scala:37)
	at scala.meta.internal.inputs.InternalInput.lineToOffset$(InternalInput.scala:32)
	at scala.meta.inputs.Input$VirtualFile.lineToOffset(Input.scala:80)
	at scala.meta.inputs.Position$Range$.apply(Position.scala:59)
	at scala.meta.internal.mtags.MtagsEnrichments$XtensionPositionLspInverse.toMeta(MtagsEnrichments.scala:179)
	at scala.meta.internal.parsing.Trees.$anonfun$findLastEnclosingAt$4(Trees.scala:76)
	at scala.Option.flatMap(Option.scala:283)
	at scala.meta.internal.parsing.Trees.findLastEnclosingAt(Trees.scala:75)
	at scala.meta.internal.metals.codeactions.PatternMatchRefactor.contribute(PatternMatchRefactor.scala:96)
	at scala.meta.internal.metals.CodeActionProvider$$anonfun$1.applyOrElse(CodeActionProvider.scala:64)
	at scala.meta.internal.metals.CodeActionProvider$$anonfun$1.applyOrElse(CodeActionProvider.scala:63)
	at scala.collection.immutable.List.collect(List.scala:275)
	at scala.meta.internal.metals.CodeActionProvider.codeActions(CodeActionProvider.scala:63)
	at scala.meta.internal.metals.MetalsLanguageServer.$anonfun$codeAction$1(MetalsLanguageServer.scala:1639)
	at scala.meta.internal.metals.CancelTokens$.future(CancelTokens.scala:38)
	at scala.meta.internal.metals.MetalsLanguageServer.codeAction(MetalsLanguageServer.scala:1638)
	... 15 more

maj 05, 2022 2:40:36 PM org.eclipse.lsp4j.jsonrpc.RemoteEndpoint fallbackResponseError
SEVERE: Internal error: java.lang.reflect.InvocationTargetException
java.lang.RuntimeException: java.lang.reflect.InvocationTargetException
	at org.eclipse.lsp4j.jsonrpc.services.GenericEndpoint.lambda$null$0(GenericEndpoint.java:67)
	at org.eclipse.lsp4j.jsonrpc.services.GenericEndpoint.request(GenericEndpoint.java:120)
	at org.eclipse.lsp4j.jsonrpc.RemoteEndpoint.handleRequest(RemoteEndpoint.java:261)
	at org.eclipse.lsp4j.jsonrpc.RemoteEndpoint.consume(RemoteEndpoint.java:190)
	at org.eclipse.lsp4j.jsonrpc.json.StreamMessageProducer.handleMessage(StreamMessageProducer.java:194)
	at org.eclipse.lsp4j.jsonrpc.json.StreamMessageProducer.listen(StreamMessageProducer.java:94)
	at org.eclipse.lsp4j.jsonrpc.json.ConcurrentMessageProcessor.run(ConcurrentMessageProcessor.java:113)
	at java.util.concurrent.Executors$RunnableAdapter.call(Unknown Source)
	at java.util.concurrent.FutureTask.run(Unknown Source)
	at java.util.concurrent.ThreadPoolExecutor.runWorker(Unknown Source)
	at java.util.concurrent.ThreadPoolExecutor$Worker.run(Unknown Source)
	at java.lang.Thread.run(Unknown Source)
Caused by: java.lang.reflect.InvocationTargetException
	at sun.reflect.GeneratedMethodAccessor1.invoke(Unknown Source)
	at sun.reflect.DelegatingMethodAccessorImpl.invoke(Unknown Source)
	at java.lang.reflect.Method.invoke(Unknown Source)
	at org.eclipse.lsp4j.jsonrpc.services.GenericEndpoint.lambda$null$0(GenericEndpoint.java:65)
	... 11 more
Caused by: java.lang.IllegalArgumentException: 10 is not a valid line number, allowed [0..8]
	at scala.meta.internal.inputs.InternalInput.lineToOffset(InternalInput.scala:37)
	at scala.meta.internal.inputs.InternalInput.lineToOffset$(InternalInput.scala:32)
	at scala.meta.inputs.Input$VirtualFile.lineToOffset(Input.scala:80)
	at scala.meta.inputs.Position$Range$.apply(Position.scala:59)
	at scala.meta.internal.mtags.MtagsEnrichments$XtensionPositionLspInverse.toMeta(MtagsEnrichments.scala:179)
	at scala.meta.internal.parsing.Trees.$anonfun$findLastEnclosingAt$4(Trees.scala:76)
	at scala.Option.flatMap(Option.scala:283)
	at scala.meta.internal.parsing.Trees.findLastEnclosingAt(Trees.scala:75)
	at scala.meta.internal.metals.codeactions.PatternMatchRefactor.contribute(PatternMatchRefactor.scala:96)
	at scala.meta.internal.metals.CodeActionProvider$$anonfun$1.applyOrElse(CodeActionProvider.scala:64)
	at scala.meta.internal.metals.CodeActionProvider$$anonfun$1.applyOrElse(CodeActionProvider.scala:63)
	at scala.collection.immutable.List.collect(List.scala:275)
	at scala.meta.internal.metals.CodeActionProvider.codeActions(CodeActionProvider.scala:63)
	at scala.meta.internal.metals.MetalsLanguageServer.$anonfun$codeAction$1(MetalsLanguageServer.scala:1639)
	at scala.meta.internal.metals.CancelTokens$.future(CancelTokens.scala:38)
	at scala.meta.internal.metals.MetalsLanguageServer.codeAction(MetalsLanguageServer.scala:1638)
	... 15 more

maj 05, 2022 2:40:38 PM org.eclipse.lsp4j.jsonrpc.RemoteEndpoint fallbackResponseError
SEVERE: Internal error: java.lang.reflect.InvocationTargetException
java.lang.RuntimeException: java.lang.reflect.InvocationTargetException
	at org.eclipse.lsp4j.jsonrpc.services.GenericEndpoint.lambda$null$0(GenericEndpoint.java:67)
	at org.eclipse.lsp4j.jsonrpc.services.GenericEndpoint.request(GenericEndpoint.java:120)
	at org.eclipse.lsp4j.jsonrpc.RemoteEndpoint.handleRequest(RemoteEndpoint.java:261)
	at org.eclipse.lsp4j.jsonrpc.RemoteEndpoint.consume(RemoteEndpoint.java:190)
	at org.eclipse.lsp4j.jsonrpc.json.StreamMessageProducer.handleMessage(StreamMessageProducer.java:194)
	at org.eclipse.lsp4j.jsonrpc.json.StreamMessageProducer.listen(StreamMessageProducer.java:94)
	at org.eclipse.lsp4j.jsonrpc.json.ConcurrentMessageProcessor.run(ConcurrentMessageProcessor.java:113)
	at java.util.concurrent.Executors$RunnableAdapter.call(Unknown Source)
	at java.util.concurrent.FutureTask.run(Unknown Source)
	at java.util.concurrent.ThreadPoolExecutor.runWorker(Unknown Source)
	at java.util.concurrent.ThreadPoolExecutor$Worker.run(Unknown Source)
	at java.lang.Thread.run(Unknown Source)
Caused by: java.lang.reflect.InvocationTargetException
	at sun.reflect.GeneratedMethodAccessor1.invoke(Unknown Source)
	at sun.reflect.DelegatingMethodAccessorImpl.invoke(Unknown Source)
	at java.lang.reflect.Method.invoke(Unknown Source)
	at org.eclipse.lsp4j.jsonrpc.services.GenericEndpoint.lambda$null$0(GenericEndpoint.java:65)
	... 11 more
Caused by: java.lang.IllegalArgumentException: 9 is not a valid line number, allowed [0..8]
	at scala.meta.internal.inputs.InternalInput.lineToOffset(InternalInput.scala:37)
	at scala.meta.internal.inputs.InternalInput.lineToOffset$(InternalInput.scala:32)
	at scala.meta.inputs.Input$VirtualFile.lineToOffset(Input.scala:80)
	at scala.meta.inputs.Position$Range$.apply(Position.scala:59)
	at scala.meta.internal.mtags.MtagsEnrichments$XtensionPositionLspInverse.toMeta(MtagsEnrichments.scala:179)
	at scala.meta.internal.parsing.Trees.$anonfun$findLastEnclosingAt$4(Trees.scala:76)
	at scala.Option.flatMap(Option.scala:283)
	at scala.meta.internal.parsing.Trees.findLastEnclosingAt(Trees.scala:75)
	at scala.meta.internal.metals.codeactions.PatternMatchRefactor.contribute(PatternMatchRefactor.scala:96)
	at scala.meta.internal.metals.CodeActionProvider$$anonfun$1.applyOrElse(CodeActionProvider.scala:64)
	at scala.meta.internal.metals.CodeActionProvider$$anonfun$1.applyOrElse(CodeActionProvider.scala:63)
	at scala.collection.immutable.List.collect(List.scala:275)
	at scala.meta.internal.metals.CodeActionProvider.codeActions(CodeActionProvider.scala:63)
	at scala.meta.internal.metals.MetalsLanguageServer.$anonfun$codeAction$1(MetalsLanguageServer.scala:1639)
	at scala.meta.internal.metals.CancelTokens$.future(CancelTokens.scala:38)
	at scala.meta.internal.metals.MetalsLanguageServer.codeAction(MetalsLanguageServer.scala:1638)
	... 15 more

2022.05.05 14:40:38 WARN  no build target for: C:\Users\Admin\Desktop\Programowanie\ScalaUniversity\lab4\src\main\scala\Main.scala[0m
2022.05.05 14:40:39 WARN  no build target for: C:\Users\Admin\Desktop\Programowanie\ScalaUniversity\lab4\src\main\scala\Main.scala[0m
2022.05.05 14:40:41 WARN  no build target for: C:\Users\Admin\Desktop\Programowanie\ScalaUniversity\lab4\src\main\scala\Main.scala[0m
2022.05.05 14:40:44 WARN  no build target for: C:\Users\Admin\Desktop\Programowanie\ScalaUniversity\lab4\src\main\scala\Main.scala[0m
2022.05.05 14:40:57 WARN  no build target for: C:\Users\Admin\Desktop\Programowanie\ScalaUniversity\lab4\src\main\scala\Main.scala[0m
2022.05.05 14:41:00 WARN  no build target for: C:\Users\Admin\Desktop\Programowanie\ScalaUniversity\lab4\src\main\scala\Main.scala[0m
2022.05.05 14:41:12 WARN  no build target for: C:\Users\Admin\Desktop\Programowanie\ScalaUniversity\lab4\src\main\scala\Main.scala[0m
2022.05.05 14:41:14 WARN  no build target for: C:\Users\Admin\Desktop\Programowanie\ScalaUniversity\lab4\src\main\scala\Main.scala[0m
2022.05.05 14:41:19 WARN  no build target for: C:\Users\Admin\Desktop\Programowanie\ScalaUniversity\lab4\src\main\scala\Main.scala[0m
2022.05.05 14:41:23 WARN  no build target for: C:\Users\Admin\Desktop\Programowanie\ScalaUniversity\lab4\src\main\scala\Main.scala[0m
2022.05.05 14:41:24 WARN  no build target for: C:\Users\Admin\Desktop\Programowanie\ScalaUniversity\lab4\src\main\scala\Main.scala[0m
2022.05.05 14:41:27 WARN  no build target for: C:\Users\Admin\Desktop\Programowanie\ScalaUniversity\lab4\src\main\scala\Main.scala[0m
2022.05.05 14:41:28 WARN  no build target for: C:\Users\Admin\Desktop\Programowanie\ScalaUniversity\lab4\src\main\scala\Main.scala[0m
2022.05.05 14:41:31 WARN  no build target for: C:\Users\Admin\Desktop\Programowanie\ScalaUniversity\lab4\src\main\scala\Main.scala[0m
2022.05.05 14:41:36 WARN  no build target for: C:\Users\Admin\Desktop\Programowanie\ScalaUniversity\lab4\src\main\scala\Main.scala[0m
2022.05.05 14:41:38 WARN  no build target for: C:\Users\Admin\Desktop\Programowanie\ScalaUniversity\lab4\src\main\scala\Main.scala[0m
2022.05.05 14:41:43 WARN  no build target for: C:\Users\Admin\Desktop\Programowanie\ScalaUniversity\lab4\src\main\scala\Main.scala[0m
2022.05.05 14:43:16 WARN  no build target for: C:\Users\Admin\Desktop\Programowanie\ScalaUniversity\lab4\src\main\scala\Main.scala[0m
2022.05.05 14:43:18 WARN  no build target for: C:\Users\Admin\Desktop\Programowanie\ScalaUniversity\lab4\src\main\scala\Main.scala[0m
2022.05.05 14:43:21 WARN  no build target for: C:\Users\Admin\Desktop\Programowanie\ScalaUniversity\lab4\src\main\scala\Main.scala[0m
2022.05.05 14:43:23 WARN  no build target for: C:\Users\Admin\Desktop\Programowanie\ScalaUniversity\lab4\src\main\scala\Main.scala[0m
2022.05.05 14:43:30 WARN  no build target for: C:\Users\Admin\Desktop\Programowanie\ScalaUniversity\lab4\src\main\scala\Main.scala[0m
2022.05.05 14:43:34 WARN  no build target for: C:\Users\Admin\Desktop\Programowanie\ScalaUniversity\lab4\src\main\scala\Main.scala[0m
2022.05.05 14:43:42 WARN  no build target for: C:\Users\Admin\Desktop\Programowanie\ScalaUniversity\lab4\src\main\scala\Main.scala[0m
2022.05.05 14:43:43 WARN  no build target for: C:\Users\Admin\Desktop\Programowanie\ScalaUniversity\lab4\src\main\scala\Main.scala[0m
2022.05.05 14:43:59 WARN  no build target for: C:\Users\Admin\Desktop\Programowanie\ScalaUniversity\lab4\src\main\scala\Main.scala[0m
2022.05.05 14:44:08 WARN  no build target for: C:\Users\Admin\Desktop\Programowanie\ScalaUniversity\lab4\src\main\scala\Main.scala[0m
2022.05.05 14:44:11 WARN  no build target for: C:\Users\Admin\Desktop\Programowanie\ScalaUniversity\lab4\src\main\scala\Main.scala[0m
2022.05.05 14:44:12 WARN  no build target for: C:\Users\Admin\Desktop\Programowanie\ScalaUniversity\lab4\src\main\scala\Main.scala[0m
2022.05.05 14:44:49 WARN  no build target for: C:\Users\Admin\Desktop\Programowanie\ScalaUniversity\lab4\src\main\scala\Main.scala[0m
2022.05.05 14:44:49 WARN  no build target for: C:\Users\Admin\Desktop\Programowanie\ScalaUniversity\lab4\src\main\scala\Main.scala[0m
2022.05.05 14:45:20 WARN  no build target for: C:\Users\Admin\Desktop\Programowanie\ScalaUniversity\lab4\src\main\scala\Main.scala[0m
2022.05.05 14:45:22 WARN  no build target for: C:\Users\Admin\Desktop\Programowanie\ScalaUniversity\lab4\src\main\scala\Main.scala[0m
2022.05.05 14:45:24 WARN  no build target for: C:\Users\Admin\Desktop\Programowanie\ScalaUniversity\lab4\src\main\scala\Main.scala[0m
2022.05.05 14:45:27 WARN  no build target for: C:\Users\Admin\Desktop\Programowanie\ScalaUniversity\lab4\src\main\scala\Main.scala[0m
2022.05.05 14:45:29 WARN  no build target for: C:\Users\Admin\Desktop\Programowanie\ScalaUniversity\lab4\src\main\scala\Main.scala[0m
2022.05.05 14:45:42 WARN  no build target for: C:\Users\Admin\Desktop\Programowanie\ScalaUniversity\lab4\src\main\scala\Main.scala[0m
2022.05.05 14:45:47 WARN  no build target for: C:\Users\Admin\Desktop\Programowanie\ScalaUniversity\lab4\src\main\scala\Main.scala[0m
2022.05.05 14:46:22 WARN  no build target for: C:\Users\Admin\Desktop\Programowanie\ScalaUniversity\lab4\src\main\scala\Main.scala[0m
2022.05.05 14:46:24 WARN  no build target for: C:\Users\Admin\Desktop\Programowanie\ScalaUniversity\lab4\src\main\scala\Main.scala[0m
2022.05.05 14:47:05 WARN  no build target for: C:\Users\Admin\Desktop\Programowanie\ScalaUniversity\lab4\src\main\scala\Main.scala[0m
2022.05.05 14:47:14 WARN  no build target for: C:\Users\Admin\Desktop\Programowanie\ScalaUniversity\lab4\src\main\scala\Main.scala[0m
2022.05.05 14:47:22 WARN  no build target for: C:\Users\Admin\Desktop\Programowanie\ScalaUniversity\lab4\src\main\scala\Main.scala[0m
2022.05.05 14:47:24 WARN  no build target for: C:\Users\Admin\Desktop\Programowanie\ScalaUniversity\lab4\src\main\scala\Main.scala[0m
2022.05.05 14:47:24 WARN  no build target for: C:\Users\Admin\Desktop\Programowanie\ScalaUniversity\lab4\src\main\scala\Main.scala[0m
2022.05.05 14:47:30 WARN  no build target for: C:\Users\Admin\Desktop\Programowanie\ScalaUniversity\lab4\src\main\scala\Main.scala[0m
2022.05.05 14:48:39 WARN  no build target for: C:\Users\Admin\Desktop\Programowanie\ScalaUniversity\lab4\src\main\scala\Main.scala[0m
2022.05.05 14:48:43 WARN  no build target for: C:\Users\Admin\Desktop\Programowanie\ScalaUniversity\lab4\src\main\scala\Main.scala[0m
2022.05.05 14:48:51 WARN  no build target for: C:\Users\Admin\Desktop\Programowanie\ScalaUniversity\lab4\src\main\scala\Main.scala[0m
2022.05.05 14:50:17 WARN  no build target for: C:\Users\Admin\Desktop\Programowanie\ScalaUniversity\lab4\src\main\scala\Main.scala[0m
2022.05.05 14:50:23 WARN  no build target for: C:\Users\Admin\Desktop\Programowanie\ScalaUniversity\lab4\src\main\scala\Main.scala[0m
2022.05.05 14:50:35 WARN  no build target for: C:\Users\Admin\Desktop\Programowanie\ScalaUniversity\lab4\src\main\scala\Main.scala[0m
2022.05.05 14:50:46 WARN  no build target for: C:\Users\Admin\Desktop\Programowanie\ScalaUniversity\lab4\src\main\scala\Main.scala[0m
2022.05.05 14:50:50 WARN  no build target for: C:\Users\Admin\Desktop\Programowanie\ScalaUniversity\lab4\src\main\scala\Main.scala[0m
2022.05.05 14:51:02 WARN  no build target for: C:\Users\Admin\Desktop\Programowanie\ScalaUniversity\lab4\src\main\scala\Main.scala[0m
2022.05.05 14:51:17 WARN  no build target for: C:\Users\Admin\Desktop\Programowanie\ScalaUniversity\lab4\src\main\scala\Main.scala[0m
2022.05.05 14:51:19 WARN  no build target for: C:\Users\Admin\Desktop\Programowanie\ScalaUniversity\lab4\src\main\scala\Main.scala[0m
2022.05.05 14:51:19 WARN  no build target for: C:\Users\Admin\Desktop\Programowanie\ScalaUniversity\lab4\src\main\scala\Main.scala[0m
2022.05.05 14:51:25 WARN  no build target for: C:\Users\Admin\Desktop\Programowanie\ScalaUniversity\lab4\src\main\scala\Main.scala[0m
2022.05.05 14:51:41 WARN  no build target for: C:\Users\Admin\Desktop\Programowanie\ScalaUniversity\lab4\src\main\scala\Main.scala[0m
2022.05.05 14:51:49 WARN  no build target for: C:\Users\Admin\Desktop\Programowanie\ScalaUniversity\lab4\src\main\scala\Main.scala[0m
2022.05.05 14:51:50 WARN  no build target for: C:\Users\Admin\Desktop\Programowanie\ScalaUniversity\lab4\src\main\scala\Main.scala[0m
2022.05.05 14:54:06 WARN  no build target for: C:\Users\Admin\Desktop\Programowanie\ScalaUniversity\lab4\src\main\scala\Main.scala[0m
2022.05.05 14:54:18 WARN  no build target for: C:\Users\Admin\Desktop\Programowanie\ScalaUniversity\lab4\src\main\scala\Main.scala[0m
2022.05.05 14:54:20 WARN  no build target for: C:\Users\Admin\Desktop\Programowanie\ScalaUniversity\lab4\src\main\scala\Main.scala[0m
2022.05.05 14:54:21 WARN  no build target for: C:\Users\Admin\Desktop\Programowanie\ScalaUniversity\lab4\src\main\scala\Main.scala[0m
2022.05.05 14:54:24 WARN  no build target for: C:\Users\Admin\Desktop\Programowanie\ScalaUniversity\lab4\src\main\scala\Main.scala[0m
2022.05.05 14:54:25 WARN  no build target for: C:\Users\Admin\Desktop\Programowanie\ScalaUniversity\lab4\src\main\scala\Main.scala[0m
2022.05.05 14:54:27 WARN  no build target for: C:\Users\Admin\Desktop\Programowanie\ScalaUniversity\lab4\src\main\scala\Main.scala[0m
2022.05.05 14:54:31 WARN  no build target for: C:\Users\Admin\Desktop\Programowanie\ScalaUniversity\lab4\src\main\scala\Main.scala[0m
2022.05.05 14:54:37 WARN  no build target for: C:\Users\Admin\Desktop\Programowanie\ScalaUniversity\lab4\src\main\scala\Main.scala[0m
2022.05.05 14:54:38 WARN  no build target for: C:\Users\Admin\Desktop\Programowanie\ScalaUniversity\lab4\src\main\scala\Main.scala[0m
2022.05.05 14:54:41 WARN  no build target for: C:\Users\Admin\Desktop\Programowanie\ScalaUniversity\lab4\src\main\scala\Main.scala[0m
2022.05.05 14:54:43 WARN  no build target for: C:\Users\Admin\Desktop\Programowanie\ScalaUniversity\lab4\src\main\scala\Main.scala[0m
2022.05.05 14:55:43 WARN  no build target for: C:\Users\Admin\Desktop\Programowanie\ScalaUniversity\lab4\src\main\scala\Main.scala[0m
2022.05.05 14:55:49 WARN  no build target for: C:\Users\Admin\Desktop\Programowanie\ScalaUniversity\lab4\src\main\scala\Main.scala[0m
2022.05.05 14:55:55 WARN  no build target for: C:\Users\Admin\Desktop\Programowanie\ScalaUniversity\lab4\src\main\scala\Main.scala[0m
2022.05.05 14:56:01 WARN  no build target for: C:\Users\Admin\Desktop\Programowanie\ScalaUniversity\lab4\src\main\scala\Main.scala[0m
2022.05.05 14:56:03 WARN  no build target for: C:\Users\Admin\Desktop\Programowanie\ScalaUniversity\lab4\src\main\scala\Main.scala[0m
2022.05.05 14:56:07 WARN  no build target for: C:\Users\Admin\Desktop\Programowanie\ScalaUniversity\lab4\src\main\scala\Main.scala[0m
2022.05.05 14:56:10 WARN  no build target for: C:\Users\Admin\Desktop\Programowanie\ScalaUniversity\lab4\src\main\scala\Main.scala[0m
2022.05.05 14:56:12 WARN  no build target for: C:\Users\Admin\Desktop\Programowanie\ScalaUniversity\lab4\src\main\scala\Main.scala[0m
2022.05.05 14:56:17 WARN  no build target for: C:\Users\Admin\Desktop\Programowanie\ScalaUniversity\lab4\src\main\scala\Main.scala[0m
2022.05.05 14:56:20 WARN  no build target for: C:\Users\Admin\Desktop\Programowanie\ScalaUniversity\lab4\src\main\scala\Main.scala[0m
2022.05.05 14:57:03 WARN  no build target for: C:\Users\Admin\Desktop\Programowanie\ScalaUniversity\lab4\src\main\scala\Main.scala[0m
2022.05.05 14:57:04 WARN  no build target for: C:\Users\Admin\Desktop\Programowanie\ScalaUniversity\lab4\src\main\scala\Main.scala[0m
2022.05.05 14:58:59 WARN  no build target for: C:\Users\Admin\Desktop\Programowanie\ScalaUniversity\lab4\src\main\scala\Main.scala[0m
2022.05.05 14:59:04 WARN  no build target for: C:\Users\Admin\Desktop\Programowanie\ScalaUniversity\lab4\src\main\scala\Main.scala[0m
2022.05.05 14:59:07 WARN  no build target for: C:\Users\Admin\Desktop\Programowanie\ScalaUniversity\lab4\src\main\scala\Main.scala[0m
2022.05.05 14:59:13 WARN  no build target for: C:\Users\Admin\Desktop\Programowanie\ScalaUniversity\lab4\src\main\scala\Main.scala[0m
2022.05.05 14:59:15 WARN  no build target for: C:\Users\Admin\Desktop\Programowanie\ScalaUniversity\lab4\src\main\scala\Main.scala[0m
2022.05.05 14:59:17 WARN  no build target for: C:\Users\Admin\Desktop\Programowanie\ScalaUniversity\lab4\src\main\scala\Main.scala[0m
2022.05.05 14:59:29 WARN  no build target for: C:\Users\Admin\Desktop\Programowanie\ScalaUniversity\lab4\src\main\scala\Main.scala[0m
2022.05.05 14:59:30 WARN  no build target for: C:\Users\Admin\Desktop\Programowanie\ScalaUniversity\lab4\src\main\scala\Main.scala[0m
2022.05.05 14:59:36 WARN  no build target for: C:\Users\Admin\Desktop\Programowanie\ScalaUniversity\lab4\src\main\scala\Main.scala[0m
2022.05.05 14:59:39 WARN  no build target for: C:\Users\Admin\Desktop\Programowanie\ScalaUniversity\lab4\src\main\scala\Main.scala[0m
2022.05.05 14:59:44 WARN  no build target for: C:\Users\Admin\Desktop\Programowanie\ScalaUniversity\lab4\src\main\scala\Main.scala[0m
2022.05.05 15:00:35 WARN  no build target for: C:\Users\Admin\Desktop\Programowanie\ScalaUniversity\lab4\src\main\scala\Main.scala[0m
2022.05.05 15:00:40 WARN  no build target for: C:\Users\Admin\Desktop\Programowanie\ScalaUniversity\lab4\src\main\scala\Main.scala[0m
2022.05.05 15:00:50 WARN  no build target for: C:\Users\Admin\Desktop\Programowanie\ScalaUniversity\lab4\src\main\scala\Main.scala[0m
2022.05.05 15:00:53 WARN  no build target for: C:\Users\Admin\Desktop\Programowanie\ScalaUniversity\lab4\src\main\scala\Main.scala[0m
2022.05.05 15:01:20 WARN  no build target for: C:\Users\Admin\Desktop\Programowanie\ScalaUniversity\lab4\src\main\scala\Main.scala[0m
2022.05.05 15:01:27 WARN  no build target for: C:\Users\Admin\Desktop\Programowanie\ScalaUniversity\lab4\src\main\scala\Main.scala[0m
2022.05.05 15:01:43 WARN  no build target for: C:\Users\Admin\Desktop\Programowanie\ScalaUniversity\lab4\src\main\scala\Main.scala[0m
2022.05.05 15:01:44 WARN  no build target for: C:\Users\Admin\Desktop\Programowanie\ScalaUniversity\lab4\src\main\scala\Main.scala[0m
2022.05.05 15:01:48 WARN  no build target for: C:\Users\Admin\Desktop\Programowanie\ScalaUniversity\lab4\src\main\scala\Main.scala[0m
2022.05.05 15:01:55 WARN  no build target for: C:\Users\Admin\Desktop\Programowanie\ScalaUniversity\lab4\src\main\scala\Main.scala[0m
2022.05.05 15:01:56 WARN  no build target for: C:\Users\Admin\Desktop\Programowanie\ScalaUniversity\lab4\src\main\scala\Main.scala[0m
2022.05.05 15:01:58 WARN  no build target for: C:\Users\Admin\Desktop\Programowanie\ScalaUniversity\lab4\src\main\scala\Main.scala[0m
2022.05.05 15:02:00 WARN  no build target for: C:\Users\Admin\Desktop\Programowanie\ScalaUniversity\lab4\src\main\scala\Main.scala[0m
2022.05.05 15:02:04 WARN  no build target for: C:\Users\Admin\Desktop\Programowanie\ScalaUniversity\lab4\src\main\scala\Main.scala[0m
2022.05.05 15:02:16 WARN  no build target for: C:\Users\Admin\Desktop\Programowanie\ScalaUniversity\lab4\src\main\scala\Main.scala[0m
2022.05.05 15:02:18 WARN  no build target for: C:\Users\Admin\Desktop\Programowanie\ScalaUniversity\lab4\src\main\scala\Main.scala[0m
2022.05.05 15:02:20 WARN  no build target for: C:\Users\Admin\Desktop\Programowanie\ScalaUniversity\lab4\src\main\scala\Main.scala[0m
2022.05.05 15:02:29 WARN  no build target for: C:\Users\Admin\Desktop\Programowanie\ScalaUniversity\lab4\src\main\scala\Main.scala[0m
2022.05.05 15:02:30 WARN  no build target for: C:\Users\Admin\Desktop\Programowanie\ScalaUniversity\lab4\src\main\scala\Main.scala[0m
2022.05.05 15:02:35 WARN  no build target for: C:\Users\Admin\Desktop\Programowanie\ScalaUniversity\lab4\src\main\scala\Main.scala[0m
2022.05.05 15:02:47 WARN  no build target for: C:\Users\Admin\Desktop\Programowanie\ScalaUniversity\lab4\src\main\scala\Main.scala[0m
2022.05.05 15:02:51 WARN  no build target for: C:\Users\Admin\Desktop\Programowanie\ScalaUniversity\lab4\src\main\scala\Main.scala[0m
2022.05.05 15:03:05 WARN  no build target for: C:\Users\Admin\Desktop\Programowanie\ScalaUniversity\lab4\src\main\scala\Main.scala[0m
2022.05.05 15:03:07 WARN  no build target for: C:\Users\Admin\Desktop\Programowanie\ScalaUniversity\lab4\src\main\scala\Main.scala[0m
2022.05.05 15:03:13 WARN  no build target for: C:\Users\Admin\Desktop\Programowanie\ScalaUniversity\lab4\src\main\scala\Main.scala[0m
2022.05.05 15:03:15 WARN  no build target for: C:\Users\Admin\Desktop\Programowanie\ScalaUniversity\lab4\src\main\scala\Main.scala[0m
2022.05.05 15:03:26 WARN  no build target for: C:\Users\Admin\Desktop\Programowanie\ScalaUniversity\lab4\src\main\scala\Main.scala[0m
2022.05.05 15:03:30 WARN  no build target for: C:\Users\Admin\Desktop\Programowanie\ScalaUniversity\lab4\src\main\scala\Main.scala[0m
2022.05.05 15:03:37 WARN  no build target for: C:\Users\Admin\Desktop\Programowanie\ScalaUniversity\lab4\src\main\scala\Main.scala[0m
2022.05.05 15:03:47 WARN  no build target for: C:\Users\Admin\Desktop\Programowanie\ScalaUniversity\lab4\src\main\scala\Main.scala[0m
2022.05.05 15:04:04 WARN  no build target for: C:\Users\Admin\Desktop\Programowanie\ScalaUniversity\lab4\src\main\scala\Main.scala[0m
2022.05.05 15:04:24 WARN  no build target for: C:\Users\Admin\Desktop\Programowanie\ScalaUniversity\lab4\src\main\scala\Main.scala[0m
2022.05.05 15:04:25 WARN  no build target for: C:\Users\Admin\Desktop\Programowanie\ScalaUniversity\lab4\src\main\scala\Main.scala[0m
2022.05.05 15:04:29 WARN  no build target for: C:\Users\Admin\Desktop\Programowanie\ScalaUniversity\lab4\src\main\scala\Main.scala[0m
2022.05.05 15:04:39 WARN  no build target for: C:\Users\Admin\Desktop\Programowanie\ScalaUniversity\lab4\src\main\scala\Main.scala[0m
2022.05.05 15:04:41 WARN  no build target for: C:\Users\Admin\Desktop\Programowanie\ScalaUniversity\lab4\src\main\scala\Main.scala[0m
2022.05.05 15:04:43 WARN  no build target for: C:\Users\Admin\Desktop\Programowanie\ScalaUniversity\lab4\src\main\scala\Main.scala[0m
2022.05.05 15:05:03 WARN  no build target for: C:\Users\Admin\Desktop\Programowanie\ScalaUniversity\lab4\src\main\scala\Main.scala[0m
2022.05.05 15:05:04 WARN  no build target for: C:\Users\Admin\Desktop\Programowanie\ScalaUniversity\lab4\src\main\scala\Main.scala[0m
2022.05.05 15:05:06 WARN  no build target for: C:\Users\Admin\Desktop\Programowanie\ScalaUniversity\lab4\src\main\scala\Main.scala[0m
2022.05.05 15:05:07 WARN  no build target for: C:\Users\Admin\Desktop\Programowanie\ScalaUniversity\lab4\src\main\scala\Main.scala[0m
2022.05.05 15:05:14 WARN  no build target for: C:\Users\Admin\Desktop\Programowanie\ScalaUniversity\lab4\src\main\scala\Main.scala[0m
2022.05.05 15:05:17 WARN  no build target for: C:\Users\Admin\Desktop\Programowanie\ScalaUniversity\lab4\src\main\scala\Main.scala[0m
2022.05.05 15:05:22 WARN  no build target for: C:\Users\Admin\Desktop\Programowanie\ScalaUniversity\lab4\src\main\scala\Main.scala[0m
2022.05.05 15:05:24 WARN  no build target for: C:\Users\Admin\Desktop\Programowanie\ScalaUniversity\lab4\src\main\scala\Main.scala[0m
2022.05.05 15:05:29 WARN  no build target for: C:\Users\Admin\Desktop\Programowanie\ScalaUniversity\lab4\src\main\scala\Main.scala[0m
2022.05.05 15:05:44 WARN  no build target for: C:\Users\Admin\Desktop\Programowanie\ScalaUniversity\lab4\src\main\scala\Main.scala[0m
2022.05.05 15:05:46 WARN  no build target for: C:\Users\Admin\Desktop\Programowanie\ScalaUniversity\lab4\src\main\scala\Main.scala[0m
2022.05.05 15:05:58 WARN  no build target for: C:\Users\Admin\Desktop\Programowanie\ScalaUniversity\lab4\src\main\scala\Main.scala[0m
2022.05.05 15:06:11 WARN  no build target for: C:\Users\Admin\Desktop\Programowanie\ScalaUniversity\lab4\src\main\scala\Main.scala[0m
2022.05.05 15:06:16 WARN  no build target for: C:\Users\Admin\Desktop\Programowanie\ScalaUniversity\lab4\src\main\scala\Main.scala[0m
2022.05.05 15:07:01 WARN  no build target for: C:\Users\Admin\Desktop\Programowanie\ScalaUniversity\lab4\src\main\scala\Main.scala[0m
2022.05.05 15:07:11 WARN  no build target for: C:\Users\Admin\Desktop\Programowanie\ScalaUniversity\lab4\src\main\scala\Main.scala[0m
2022.05.05 15:07:42 WARN  no build target for: C:\Users\Admin\Desktop\Programowanie\ScalaUniversity\lab4\src\main\scala\Main.scala[0m
2022.05.05 15:07:57 WARN  no build target for: C:\Users\Admin\Desktop\Programowanie\ScalaUniversity\lab4\src\main\scala\Main.scala[0m
2022.05.05 15:08:31 WARN  no build target for: C:\Users\Admin\Desktop\Programowanie\ScalaUniversity\lab4\src\main\scala\Main.scala[0m
2022.05.05 15:08:44 WARN  no build target for: C:\Users\Admin\Desktop\Programowanie\ScalaUniversity\lab4\src\main\scala\Main.scala[0m
2022.05.05 15:09:28 WARN  no build target for: C:\Users\Admin\Desktop\Programowanie\ScalaUniversity\lab4\src\main\scala\Main.scala[0m
2022.05.05 15:09:37 WARN  no build target for: C:\Users\Admin\Desktop\Programowanie\ScalaUniversity\lab4\src\main\scala\Main.scala[0m
2022.05.05 15:09:38 WARN  no build target for: C:\Users\Admin\Desktop\Programowanie\ScalaUniversity\lab4\src\main\scala\Main.scala[0m
2022.05.05 15:09:40 WARN  no build target for: C:\Users\Admin\Desktop\Programowanie\ScalaUniversity\lab4\src\main\scala\Main.scala[0m
maj 05, 2022 3:09:48 PM org.eclipse.lsp4j.jsonrpc.RemoteEndpoint handleCancellation
WARNING: Unmatched cancel notification for request id 5105
2022.05.05 15:09:51 WARN  no build target for: C:\Users\Admin\Desktop\Programowanie\ScalaUniversity\lab4\src\main\scala\Main.scala[0m
2022.05.05 15:09:53 WARN  no build target for: C:\Users\Admin\Desktop\Programowanie\ScalaUniversity\lab4\src\main\scala\Main.scala[0m
2022.05.05 15:09:53 WARN  no build target for: C:\Users\Admin\Desktop\Programowanie\ScalaUniversity\lab4\src\main\scala\Main.scala[0m
2022.05.05 15:10:18 WARN  no build target for: C:\Users\Admin\Desktop\Programowanie\ScalaUniversity\lab4\src\main\scala\Main.scala[0m
2022.05.05 15:10:20 WARN  no build target for: C:\Users\Admin\Desktop\Programowanie\ScalaUniversity\lab4\src\main\scala\Main.scala[0m
maj 05, 2022 3:10:20 PM org.eclipse.lsp4j.jsonrpc.RemoteEndpoint handleCancellation
WARNING: Unmatched cancel notification for request id 5140
2022.05.05 15:10:24 WARN  no build target for: C:\Users\Admin\Desktop\Programowanie\ScalaUniversity\lab4\src\main\scala\Main.scala[0m
2022.05.05 15:10:28 WARN  no build target for: C:\Users\Admin\Desktop\Programowanie\ScalaUniversity\lab4\src\main\scala\Main.scala[0m
maj 05, 2022 3:11:00 PM org.eclipse.lsp4j.jsonrpc.RemoteEndpoint handleCancellation
WARNING: Unmatched cancel notification for request id 5182
2022.05.05 15:11:07 WARN  no build target for: C:\Users\Admin\Desktop\Programowanie\ScalaUniversity\lab4\src\main\scala\Main.scala[0m
2022.05.05 15:11:17 WARN  no build target for: C:\Users\Admin\Desktop\Programowanie\ScalaUniversity\lab4\src\main\scala\Main.scala[0m
2022.05.05 15:11:21 WARN  no build target for: C:\Users\Admin\Desktop\Programowanie\ScalaUniversity\lab4\src\main\scala\Main.scala[0m
2022.05.05 15:11:54 WARN  no build target for: C:\Users\Admin\Desktop\Programowanie\ScalaUniversity\lab4\src\main\scala\Main.scala[0m
2022.05.05 15:12:06 WARN  no build target for: C:\Users\Admin\Desktop\Programowanie\ScalaUniversity\lab4\src\main\scala\Main.scala[0m
2022.05.05 15:12:08 WARN  no build target for: C:\Users\Admin\Desktop\Programowanie\ScalaUniversity\lab4\src\main\scala\Main.scala[0m
2022.05.05 15:12:32 WARN  no build target for: C:\Users\Admin\Desktop\Programowanie\ScalaUniversity\lab4\src\main\scala\Main.scala[0m
2022.05.05 15:13:00 WARN  no build target for: C:\Users\Admin\Desktop\Programowanie\ScalaUniversity\lab4\src\main\scala\Main.scala[0m
2022.05.05 15:13:05 WARN  no build target for: C:\Users\Admin\Desktop\Programowanie\ScalaUniversity\lab4\src\main\scala\Main.scala[0m
2022.05.05 15:13:12 WARN  no build target for: C:\Users\Admin\Desktop\Programowanie\ScalaUniversity\lab4\src\main\scala\Main.scala[0m
2022.05.05 15:13:17 WARN  no build target for: C:\Users\Admin\Desktop\Programowanie\ScalaUniversity\lab4\src\main\scala\Main.scala[0m
2022.05.05 15:13:21 WARN  no build target for: C:\Users\Admin\Desktop\Programowanie\ScalaUniversity\lab4\src\main\scala\Main.scala[0m
2022.05.05 15:13:40 WARN  no build target for: C:\Users\Admin\Desktop\Programowanie\ScalaUniversity\lab4\src\main\scala\Main.scala[0m
2022.05.05 15:13:43 WARN  no build target for: C:\Users\Admin\Desktop\Programowanie\ScalaUniversity\lab4\src\main\scala\Main.scala[0m
2022.05.05 15:13:45 WARN  no build target for: C:\Users\Admin\Desktop\Programowanie\ScalaUniversity\lab4\src\main\scala\Main.scala[0m
2022.05.05 15:13:53 WARN  no build target for: C:\Users\Admin\Desktop\Programowanie\ScalaUniversity\lab4\src\main\scala\Main.scala[0m
maj 05, 2022 3:13:55 PM org.eclipse.lsp4j.jsonrpc.RemoteEndpoint handleCancellation
WARNING: Unmatched cancel notification for request id 5396
2022.05.05 15:13:57 WARN  no build target for: C:\Users\Admin\Desktop\Programowanie\ScalaUniversity\lab4\src\main\scala\Main.scala[0m
2022.05.05 15:14:00 WARN  no build target for: C:\Users\Admin\Desktop\Programowanie\ScalaUniversity\lab4\src\main\scala\Main.scala[0m
2022.05.05 15:14:03 WARN  no build target for: C:\Users\Admin\Desktop\Programowanie\ScalaUniversity\lab4\src\main\scala\Main.scala[0m
2022.05.05 15:14:04 WARN  no build target for: C:\Users\Admin\Desktop\Programowanie\ScalaUniversity\lab4\src\main\scala\Main.scala[0m
2022.05.05 15:14:06 WARN  no build target for: C:\Users\Admin\Desktop\Programowanie\ScalaUniversity\lab4\src\main\scala\Main.scala[0m
2022.05.05 15:14:10 WARN  no build target for: C:\Users\Admin\Desktop\Programowanie\ScalaUniversity\lab4\src\main\scala\Main.scala[0m
2022.05.05 15:14:13 WARN  no build target for: C:\Users\Admin\Desktop\Programowanie\ScalaUniversity\lab4\src\main\scala\Main.scala[0m
2022.05.05 15:14:18 WARN  no build target for: C:\Users\Admin\Desktop\Programowanie\ScalaUniversity\lab4\src\main\scala\Main.scala[0m
2022.05.05 15:14:40 WARN  no build target for: C:\Users\Admin\Desktop\Programowanie\ScalaUniversity\lab4\src\main\scala\Main.scala[0m
2022.05.05 15:14:45 WARN  no build target for: C:\Users\Admin\Desktop\Programowanie\ScalaUniversity\lab4\src\main\scala\Main.scala[0m
2022.05.05 15:16:18 WARN  no build target for: C:\Users\Admin\Desktop\Programowanie\ScalaUniversity\lab4\src\main\scala\Main.scala[0m
2022.05.05 15:16:24 WARN  no build target for: C:\Users\Admin\Desktop\Programowanie\ScalaUniversity\lab4\src\main\scala\Main.scala[0m
2022.05.05 15:16:27 WARN  no build target for: C:\Users\Admin\Desktop\Programowanie\ScalaUniversity\lab4\src\main\scala\Main.scala[0m
2022.05.05 15:16:30 WARN  no build target for: C:\Users\Admin\Desktop\Programowanie\ScalaUniversity\lab4\src\main\scala\Main.scala[0m
2022.05.05 15:16:32 WARN  no build target for: C:\Users\Admin\Desktop\Programowanie\ScalaUniversity\lab4\src\main\scala\Main.scala[0m
2022.05.05 15:16:36 WARN  no build target for: C:\Users\Admin\Desktop\Programowanie\ScalaUniversity\lab4\src\main\scala\Main.scala[0m
2022.05.05 15:16:40 WARN  no build target for: C:\Users\Admin\Desktop\Programowanie\ScalaUniversity\lab4\src\main\scala\Main.scala[0m
2022.05.05 15:16:48 WARN  no build target for: C:\Users\Admin\Desktop\Programowanie\ScalaUniversity\lab4\src\main\scala\Main.scala[0m
2022.05.05 15:16:51 WARN  no build target for: C:\Users\Admin\Desktop\Programowanie\ScalaUniversity\lab4\src\main\scala\Main.scala[0m
2022.05.05 15:16:55 WARN  no build target for: C:\Users\Admin\Desktop\Programowanie\ScalaUniversity\lab4\src\main\scala\Main.scala[0m
2022.05.05 15:16:57 WARN  no build target for: C:\Users\Admin\Desktop\Programowanie\ScalaUniversity\lab4\src\main\scala\Main.scala[0m
2022.05.05 15:17:01 WARN  no build target for: C:\Users\Admin\Desktop\Programowanie\ScalaUniversity\lab4\src\main\scala\Main.scala[0m
2022.05.05 15:17:04 WARN  no build target for: C:\Users\Admin\Desktop\Programowanie\ScalaUniversity\lab4\src\main\scala\Main.scala[0m
2022.05.05 15:17:11 WARN  no build target for: C:\Users\Admin\Desktop\Programowanie\ScalaUniversity\lab4\src\main\scala\Main.scala[0m
2022.05.05 15:17:17 WARN  no build target for: C:\Users\Admin\Desktop\Programowanie\ScalaUniversity\lab4\src\main\scala\Main.scala[0m
2022.05.05 15:17:21 WARN  no build target for: C:\Users\Admin\Desktop\Programowanie\ScalaUniversity\lab4\src\main\scala\Main.scala[0m
2022.05.05 15:17:24 WARN  no build target for: C:\Users\Admin\Desktop\Programowanie\ScalaUniversity\lab4\src\main\scala\Main.scala[0m
2022.05.05 15:17:29 WARN  no build target for: C:\Users\Admin\Desktop\Programowanie\ScalaUniversity\lab4\src\main\scala\Main.scala[0m
2022.05.05 15:17:40 WARN  no build target for: C:\Users\Admin\Desktop\Programowanie\ScalaUniversity\lab4\src\main\scala\Main.scala[0m
2022.05.05 15:17:41 WARN  no build target for: C:\Users\Admin\Desktop\Programowanie\ScalaUniversity\lab4\src\main\scala\Main.scala[0m
2022.05.05 15:17:59 WARN  no build target for: C:\Users\Admin\Desktop\Programowanie\ScalaUniversity\lab4\src\main\scala\Main.scala[0m
2022.05.05 15:18:01 WARN  no build target for: C:\Users\Admin\Desktop\Programowanie\ScalaUniversity\lab4\src\main\scala\Main.scala[0m
2022.05.05 15:18:03 WARN  no build target for: C:\Users\Admin\Desktop\Programowanie\ScalaUniversity\lab4\src\main\scala\Main.scala[0m
2022.05.05 15:18:11 WARN  no build target for: C:\Users\Admin\Desktop\Programowanie\ScalaUniversity\lab4\src\main\scala\Main.scala[0m
2022.05.05 15:18:12 WARN  no build target for: C:\Users\Admin\Desktop\Programowanie\ScalaUniversity\lab4\src\main\scala\Main.scala[0m
2022.05.05 15:18:14 WARN  no build target for: C:\Users\Admin\Desktop\Programowanie\ScalaUniversity\lab4\src\main\scala\Main.scala[0m
2022.05.05 15:18:57 WARN  no build target for: C:\Users\Admin\Desktop\Programowanie\ScalaUniversity\lab4\src\main\scala\Main.scala[0m
2022.05.05 15:19:01 WARN  no build target for: C:\Users\Admin\Desktop\Programowanie\ScalaUniversity\lab4\src\main\scala\Main.scala[0m
2022.05.05 15:19:05 WARN  no build target for: C:\Users\Admin\Desktop\Programowanie\ScalaUniversity\lab4\src\main\scala\Main.scala[0m
2022.05.05 15:19:06 WARN  no build target for: C:\Users\Admin\Desktop\Programowanie\ScalaUniversity\lab4\src\main\scala\Main.scala[0m
2022.05.05 15:19:12 WARN  no build target for: C:\Users\Admin\Desktop\Programowanie\ScalaUniversity\lab4\src\main\scala\Main.scala[0m
2022.05.05 15:19:17 WARN  no build target for: C:\Users\Admin\Desktop\Programowanie\ScalaUniversity\lab4\src\main\scala\Main.scala[0m
2022.05.05 15:19:20 WARN  no build target for: C:\Users\Admin\Desktop\Programowanie\ScalaUniversity\lab4\src\main\scala\Main.scala[0m
2022.05.05 15:19:21 WARN  no build target for: C:\Users\Admin\Desktop\Programowanie\ScalaUniversity\lab4\src\main\scala\Main.scala[0m
2022.05.05 15:19:24 WARN  no build target for: C:\Users\Admin\Desktop\Programowanie\ScalaUniversity\lab4\src\main\scala\Main.scala[0m
2022.05.05 15:19:29 WARN  no build target for: C:\Users\Admin\Desktop\Programowanie\ScalaUniversity\lab4\src\main\scala\Main.scala[0m
2022.05.05 15:19:30 WARN  no build target for: C:\Users\Admin\Desktop\Programowanie\ScalaUniversity\lab4\src\main\scala\Main.scala[0m
2022.05.05 15:19:42 WARN  no build target for: C:\Users\Admin\Desktop\Programowanie\ScalaUniversity\lab4\src\main\scala\Main.scala[0m
2022.05.05 15:19:48 WARN  no build target for: C:\Users\Admin\Desktop\Programowanie\ScalaUniversity\lab4\src\main\scala\Main.scala[0m
2022.05.05 15:19:53 WARN  no build target for: C:\Users\Admin\Desktop\Programowanie\ScalaUniversity\lab4\src\main\scala\Main.scala[0m
2022.05.05 15:19:57 WARN  no build target for: C:\Users\Admin\Desktop\Programowanie\ScalaUniversity\lab4\src\main\scala\Main.scala[0m
2022.05.05 15:20:02 WARN  no build target for: C:\Users\Admin\Desktop\Programowanie\ScalaUniversity\lab4\src\main\scala\Main.scala[0m
2022.05.05 15:20:03 WARN  no build target for: C:\Users\Admin\Desktop\Programowanie\ScalaUniversity\lab4\src\main\scala\Main.scala[0m
2022.05.05 15:20:11 WARN  no build target for: C:\Users\Admin\Desktop\Programowanie\ScalaUniversity\lab4\src\main\scala\Main.scala[0m
2022.05.05 15:20:15 WARN  no build target for: C:\Users\Admin\Desktop\Programowanie\ScalaUniversity\lab4\src\main\scala\Main.scala[0m
2022.05.05 15:20:17 WARN  no build target for: C:\Users\Admin\Desktop\Programowanie\ScalaUniversity\lab4\src\main\scala\Main.scala[0m
2022.05.05 15:20:24 WARN  no build target for: C:\Users\Admin\Desktop\Programowanie\ScalaUniversity\lab4\src\main\scala\Main.scala[0m
2022.05.05 15:20:28 WARN  no build target for: C:\Users\Admin\Desktop\Programowanie\ScalaUniversity\lab4\src\main\scala\Main.scala[0m
2022.05.05 15:20:30 WARN  no build target for: C:\Users\Admin\Desktop\Programowanie\ScalaUniversity\lab4\src\main\scala\Main.scala[0m
2022.05.05 15:20:41 WARN  no build target for: C:\Users\Admin\Desktop\Programowanie\ScalaUniversity\lab4\src\main\scala\Main.scala[0m
2022.05.05 15:20:43 WARN  no build target for: C:\Users\Admin\Desktop\Programowanie\ScalaUniversity\lab4\src\main\scala\Main.scala[0m
2022.05.05 15:20:45 WARN  no build target for: C:\Users\Admin\Desktop\Programowanie\ScalaUniversity\lab4\src\main\scala\Main.scala[0m
2022.05.05 15:20:48 WARN  no build target for: C:\Users\Admin\Desktop\Programowanie\ScalaUniversity\lab4\src\main\scala\Main.scala[0m
2022.05.05 15:20:49 WARN  no build target for: C:\Users\Admin\Desktop\Programowanie\ScalaUniversity\lab4\src\main\scala\Main.scala[0m
2022.05.05 15:20:54 WARN  no build target for: C:\Users\Admin\Desktop\Programowanie\ScalaUniversity\lab4\src\main\scala\Main.scala[0m
2022.05.05 15:20:57 WARN  no build target for: C:\Users\Admin\Desktop\Programowanie\ScalaUniversity\lab4\src\main\scala\Main.scala[0m
2022.05.05 15:21:00 WARN  no build target for: C:\Users\Admin\Desktop\Programowanie\ScalaUniversity\lab4\src\main\scala\Main.scala[0m
2022.05.05 15:21:12 WARN  no build target for: C:\Users\Admin\Desktop\Programowanie\ScalaUniversity\lab4\src\main\scala\Main.scala[0m
2022.05.05 15:21:18 WARN  no build target for: C:\Users\Admin\Desktop\Programowanie\ScalaUniversity\lab4\src\main\scala\Main.scala[0m
2022.05.05 15:21:22 WARN  no build target for: C:\Users\Admin\Desktop\Programowanie\ScalaUniversity\lab4\src\main\scala\Main.scala[0m
2022.05.05 15:21:24 WARN  no build target for: C:\Users\Admin\Desktop\Programowanie\ScalaUniversity\lab4\src\main\scala\Main.scala[0m
2022.05.05 15:21:26 WARN  no build target for: C:\Users\Admin\Desktop\Programowanie\ScalaUniversity\lab4\src\main\scala\Main.scala[0m
2022.05.05 15:21:28 WARN  no build target for: C:\Users\Admin\Desktop\Programowanie\ScalaUniversity\lab4\src\main\scala\Main.scala[0m
2022.05.05 15:21:33 WARN  no build target for: C:\Users\Admin\Desktop\Programowanie\ScalaUniversity\lab4\src\main\scala\Main.scala[0m
2022.05.05 15:21:35 WARN  no build target for: C:\Users\Admin\Desktop\Programowanie\ScalaUniversity\lab4\src\main\scala\Main.scala[0m
2022.05.05 15:21:42 WARN  no build target for: C:\Users\Admin\Desktop\Programowanie\ScalaUniversity\lab4\src\main\scala\Main.scala[0m
2022.05.05 15:21:49 WARN  no build target for: C:\Users\Admin\Desktop\Programowanie\ScalaUniversity\lab4\src\main\scala\Main.scala[0m
2022.05.05 15:21:50 WARN  no build target for: C:\Users\Admin\Desktop\Programowanie\ScalaUniversity\lab4\src\main\scala\Main.scala[0m
2022.05.05 15:21:55 WARN  no build target for: C:\Users\Admin\Desktop\Programowanie\ScalaUniversity\lab4\src\main\scala\Main.scala[0m
2022.05.05 15:22:10 WARN  no build target for: C:\Users\Admin\Desktop\Programowanie\ScalaUniversity\lab4\src\main\scala\Main.scala[0m
2022.05.05 15:22:12 WARN  no build target for: C:\Users\Admin\Desktop\Programowanie\ScalaUniversity\lab4\src\main\scala\Main.scala[0m
2022.05.05 15:22:23 WARN  no build target for: C:\Users\Admin\Desktop\Programowanie\ScalaUniversity\lab4\src\main\scala\Main.scala[0m
2022.05.05 15:23:11 WARN  no build target for: C:\Users\Admin\Desktop\Programowanie\ScalaUniversity\lab4\src\main\scala\Main.scala[0m
2022.05.05 15:23:22 WARN  no build target for: C:\Users\Admin\Desktop\Programowanie\ScalaUniversity\lab4\src\main\scala\Main.scala[0m
2022.05.05 15:23:58 WARN  no build target for: C:\Users\Admin\Desktop\Programowanie\ScalaUniversity\lab4\src\main\scala\Main.scala[0m
2022.05.05 15:24:02 WARN  no build target for: C:\Users\Admin\Desktop\Programowanie\ScalaUniversity\lab4\src\main\scala\Main.scala[0m
2022.05.05 15:24:02 WARN  no build target for: C:\Users\Admin\Desktop\Programowanie\ScalaUniversity\lab4\src\main\scala\Main.scala[0m
2022.05.05 15:24:16 WARN  no build target for: C:\Users\Admin\Desktop\Programowanie\ScalaUniversity\lab4\src\main\scala\Main.scala[0m
2022.05.05 15:24:26 WARN  no build target for: C:\Users\Admin\Desktop\Programowanie\ScalaUniversity\lab4\src\main\scala\Main.scala[0m
2022.05.05 15:24:29 WARN  no build target for: C:\Users\Admin\Desktop\Programowanie\ScalaUniversity\lab4\src\main\scala\Main.scala[0m
2022.05.05 15:24:36 WARN  no build target for: C:\Users\Admin\Desktop\Programowanie\ScalaUniversity\lab4\src\main\scala\Main.scala[0m
2022.05.05 15:24:41 WARN  no build target for: C:\Users\Admin\Desktop\Programowanie\ScalaUniversity\lab4\src\main\scala\Main.scala[0m
2022.05.05 15:24:46 WARN  no build target for: C:\Users\Admin\Desktop\Programowanie\ScalaUniversity\lab4\src\main\scala\Main.scala[0m
2022.05.05 15:24:52 WARN  no build target for: C:\Users\Admin\Desktop\Programowanie\ScalaUniversity\lab4\src\main\scala\Main.scala[0m
2022.05.05 15:24:57 WARN  no build target for: C:\Users\Admin\Desktop\Programowanie\ScalaUniversity\lab4\src\main\scala\Main.scala[0m
2022.05.05 15:25:02 WARN  no build target for: C:\Users\Admin\Desktop\Programowanie\ScalaUniversity\lab4\src\main\scala\Main.scala[0m
2022.05.05 15:25:08 WARN  no build target for: C:\Users\Admin\Desktop\Programowanie\ScalaUniversity\lab4\src\main\scala\Main.scala[0m
2022.05.05 15:25:13 WARN  no build target for: C:\Users\Admin\Desktop\Programowanie\ScalaUniversity\lab4\src\main\scala\Main.scala[0m
2022.05.05 15:25:19 WARN  no build target for: C:\Users\Admin\Desktop\Programowanie\ScalaUniversity\lab4\src\main\scala\Main.scala[0m
2022.05.05 15:25:23 WARN  no build target for: C:\Users\Admin\Desktop\Programowanie\ScalaUniversity\lab4\src\main\scala\Main.scala[0m
2022.05.05 15:25:57 WARN  no build target for: C:\Users\Admin\Desktop\Programowanie\ScalaUniversity\lab4\src\main\scala\Main.scala[0m
2022.05.05 15:26:21 WARN  no build target for: C:\Users\Admin\Desktop\Programowanie\ScalaUniversity\lab4\src\main\scala\Main.scala[0m
2022.05.05 15:26:24 WARN  no build target for: C:\Users\Admin\Desktop\Programowanie\ScalaUniversity\lab4\src\main\scala\Main.scala[0m
2022.05.05 15:26:29 WARN  no build target for: C:\Users\Admin\Desktop\Programowanie\ScalaUniversity\lab4\src\main\scala\Main.scala[0m
2022.05.05 15:26:35 WARN  no build target for: C:\Users\Admin\Desktop\Programowanie\ScalaUniversity\lab4\src\main\scala\Main.scala[0m
2022.05.05 15:26:37 WARN  no build target for: C:\Users\Admin\Desktop\Programowanie\ScalaUniversity\lab4\src\main\scala\Main.scala[0m
2022.05.05 15:26:40 WARN  no build target for: C:\Users\Admin\Desktop\Programowanie\ScalaUniversity\lab4\src\main\scala\Main.scala[0m
2022.05.05 15:26:43 WARN  no build target for: C:\Users\Admin\Desktop\Programowanie\ScalaUniversity\lab4\src\main\scala\Main.scala[0m
2022.05.05 15:26:45 WARN  no build target for: C:\Users\Admin\Desktop\Programowanie\ScalaUniversity\lab4\src\main\scala\Main.scala[0m
2022.05.05 15:27:01 WARN  no build target for: C:\Users\Admin\Desktop\Programowanie\ScalaUniversity\lab4\src\main\scala\Main.scala[0m
2022.05.05 15:27:06 WARN  no build target for: C:\Users\Admin\Desktop\Programowanie\ScalaUniversity\lab4\src\main\scala\Main.scala[0m
2022.05.05 15:27:11 WARN  no build target for: C:\Users\Admin\Desktop\Programowanie\ScalaUniversity\lab4\src\main\scala\Main.scala[0m
2022.05.05 15:27:13 WARN  no build target for: C:\Users\Admin\Desktop\Programowanie\ScalaUniversity\lab4\src\main\scala\Main.scala[0m
2022.05.05 15:27:29 WARN  no build target for: C:\Users\Admin\Desktop\Programowanie\ScalaUniversity\lab4\src\main\scala\Main.scala[0m
2022.05.05 15:27:39 WARN  no build target for: C:\Users\Admin\Desktop\Programowanie\ScalaUniversity\lab4\src\main\scala\Main.scala[0m
2022.05.05 15:27:43 WARN  no build target for: C:\Users\Admin\Desktop\Programowanie\ScalaUniversity\lab4\src\main\scala\Main.scala[0m
2022.05.05 15:27:45 WARN  no build target for: C:\Users\Admin\Desktop\Programowanie\ScalaUniversity\lab4\src\main\scala\Main.scala[0m
2022.05.05 15:27:48 WARN  no build target for: C:\Users\Admin\Desktop\Programowanie\ScalaUniversity\lab4\src\main\scala\Main.scala[0m
2022.05.05 15:27:57 WARN  no build target for: C:\Users\Admin\Desktop\Programowanie\ScalaUniversity\lab4\src\main\scala\Main.scala[0m
maj 05, 2022 3:27:59 PM org.eclipse.lsp4j.jsonrpc.RemoteEndpoint handleCancellation
WARNING: Unmatched cancel notification for request id 7060
2022.05.05 15:28:01 WARN  no build target for: C:\Users\Admin\Desktop\Programowanie\ScalaUniversity\lab4\src\main\scala\Main.scala[0m
2022.05.05 15:28:05 WARN  no build target for: C:\Users\Admin\Desktop\Programowanie\ScalaUniversity\lab4\src\main\scala\Main.scala[0m
2022.05.05 15:28:07 WARN  no build target for: C:\Users\Admin\Desktop\Programowanie\ScalaUniversity\lab4\src\main\scala\Main.scala[0m
2022.05.05 15:28:09 WARN  no build target for: C:\Users\Admin\Desktop\Programowanie\ScalaUniversity\lab4\src\main\scala\Main.scala[0m
2022.05.05 15:28:15 WARN  no build target for: C:\Users\Admin\Desktop\Programowanie\ScalaUniversity\lab4\src\main\scala\Main.scala[0m
2022.05.05 15:28:21 WARN  no build target for: C:\Users\Admin\Desktop\Programowanie\ScalaUniversity\lab4\src\main\scala\Main.scala[0m
2022.05.05 15:28:24 WARN  no build target for: C:\Users\Admin\Desktop\Programowanie\ScalaUniversity\lab4\src\main\scala\Main.scala[0m
2022.05.05 15:28:27 WARN  no build target for: C:\Users\Admin\Desktop\Programowanie\ScalaUniversity\lab4\src\main\scala\Main.scala[0m
2022.05.05 15:28:29 WARN  no build target for: C:\Users\Admin\Desktop\Programowanie\ScalaUniversity\lab4\src\main\scala\Main.scala[0m
